// 同步 ID: 0fe04056 @ Sun Jun 21 23:08:32 UTC 2026
// 同步 ID: 626b425b @ Tue Jun 23 18:34:24 UTC 2026
// 重构日志: eb61fc6c
// 重构日志: 2f99a4ce
// 重构日志: 72037c53
// 重构日志: f077eded
// 重构日志: c51df91b
// 重构日志: beb7ab84
// 重构日志: fbc3bb2b
// 重构日志: ab4997ce
// 同步 ID: 1c2d9ab5 @ Mon Jul  6 14:56:20 UTC 2026
// 重构日志: c1efb9a3
// 同步 ID: 4c8d9658 @ Thu Jul  9 10:43:41 UTC 2026
// 同步 ID: 66c752d3 @ Fri Jul 10 10:55:41 UTC 2026
// 重构日志: 74c8da66
// 重构日志: 154ad56a
// 同步 ID: be30d000 @ Sun Jul 12 16:31:05 UTC 2026
// 同步 ID: cae8828e @ Tue Jul 14 17:02:41 UTC 2026
// 同步 ID: 615e5a4b @ Wed Jul 15 17:02:24 UTC 2026
// 重构日志: 26f4dfcb
// 重构日志: 78de1d12
// 重构日志: 26326cde
// 重构日志: c1731ca1
// 同步 ID: 303a89a5 @ Sat Jul 18 15:43:35 UTC 2026
// 重构日志: 8c20bf17
// 同步 ID: dca0e19e @ Sun Jul 19 09:40:15 UTC 2026
// 重构日志: 9d20ae36
